Analysis & Synthesis report for Qinka-5
Fri Nov 19 09:26:52 2010
Quartus II Version 7.2 Build 151 09/26/2007 SJ Full Version


---------------------
; Table of Contents ;
---------------------
  1. Legal Notice
  2. Analysis & Synthesis Summary
  3. Analysis & Synthesis Settings
  4. Analysis & Synthesis Source Files Read
  5. Analysis & Synthesis Resource Usage Summary
  6. Analysis & Synthesis Resource Utilization by Entity
  7. Logic Cells Representing Combinational Loops
  8. General Register Statistics
  9. Source assignments for lpm_counter0:inst|lpm_counter:lpm_counter_component
 10. Source assignments for lpm_counter0:inst|lpm_counter:lpm_counter_component|cntr_p1j:auto_generated
 11. Parameter Settings for User Entity Instance: BUSMUX:inst2
 12. Parameter Settings for User Entity Instance: lpm_counter0:inst|lpm_counter:lpm_counter_component
 13. Analysis & Synthesis Messages



----------------
; Legal Notice ;
----------------
Copyright (C) 1991-2007 Altera Corporation
Your use of Altera Corporation's design tools, logic functions 
and other software and tools, and its AMPP partner logic 
functions, and any output files from any of the foregoing 
(including device programming or simulation files), and any 
associated documentation or information are expressly subject 
to the terms and conditions of the Altera Program License 
Subscription Agreement, Altera MegaCore Function License 
Agreement, or other applicable license agreement, including, 
without limitation, that your use is for the sole purpose of 
programming logic devices manufactured by Altera and sold by 
Altera or its authorized distributors.  Please refer to the 
applicable agreement for further details.



+-------------------------------------------------------------------------------+
; Analysis & Synthesis Summary                                                  ;
+------------------------------------+------------------------------------------+
; Analysis & Synthesis Status        ; Successful - Fri Nov 19 09:26:52 2010    ;
; Quartus II Version                 ; 7.2 Build 151 09/26/2007 SJ Full Version ;
; Revision Name                      ; Qinka-5                                  ;
; Top-level Entity Name              ; Qinka-5                                  ;
; Family                             ; Cyclone II                               ;
; Total logic elements               ; 34                                       ;
;     Total combinational functions  ; 34                                       ;
;     Dedicated logic registers      ; 16                                       ;
; Total registers                    ; 16                                       ;
; Total pins                         ; 28                                       ;
; Total virtual pins                 ; 0                                        ;
; Total memory bits                  ; 0                                        ;
; Embedded Multiplier 9-bit elements ; 0                                        ;
; Total PLLs                         ; 0                                        ;
+------------------------------------+------------------------------------------+


+--------------------------------------------------------------------------------------------------------------------------+
; Analysis & Synthesis Settings                                                                                            ;
+--------------------------------------------------------------------------------+--------------------+--------------------+
; Option                                                                         ; Setting            ; Default Value      ;
+--------------------------------------------------------------------------------+--------------------+--------------------+
; Device                                                                         ; EP2C5T144C8        ;                    ;
; Top-level entity name                                                          ; Qinka-5            ; Qinka-5            ;
; Family name                                                                    ; Cyclone II         ; Stratix II         ;
; Use Generated Physical Constraints File                                        ; Off                ;                    ;
; Use smart compilation                                                          ; Off                ; Off                ;
; Maximum processors allowed for parallel compilation                            ; 1                  ; 1                  ;
; Restructure Multiplexers                                                       ; Auto               ; Auto               ;
; Create Debugging Nodes for IP Cores                                            ; Off                ; Off                ;
; Preserve fewer node names                                                      ; On                 ; On                 ;
; Disable OpenCore Plus hardware evaluation                                      ; Off                ; Off                ;
; Verilog Version                                                                ; Verilog_2001       ; Verilog_2001       ;
; VHDL Version                                                                   ; VHDL93             ; VHDL93             ;
; State Machine Processing                                                       ; Auto               ; Auto               ;
; Safe State Machine                                                             ; Off                ; Off                ;
; Extract Verilog State Machines                                                 ; On                 ; On                 ;
; Extract VHDL State Machines                                                    ; On                 ; On                 ;
; Ignore Verilog initial constructs                                              ; Off                ; Off                ;
; Add Pass-Through Logic to Inferred RAMs                                        ; On                 ; On                 ;
; Parallel Synthesis                                                             ; Off                ; Off                ;
; DSP Block Balancing                                                            ; Auto               ; Auto               ;
; NOT Gate Push-Back                                                             ; On                 ; On                 ;
; Power-Up Don't Care                                                            ; On                 ; On                 ;
; Remove Redundant Logic Cells                                                   ; Off                ; Off                ;
; Remove Duplicate Registers                                                     ; On                 ; On                 ;
; Ignore CARRY Buffers                                                           ; Off                ; Off                ;
; Ignore CASCADE Buffers                                                         ; Off                ; Off                ;
; Ignore GLOBAL Buffers                                                          ; Off                ; Off                ;
; Ignore ROW GLOBAL Buffers                                                      ; Off                ; Off                ;
; Ignore LCELL Buffers                                                           ; Off                ; Off                ;
; Ignore SOFT Buffers                                                            ; On                 ; On                 ;
; Limit AHDL Integers to 32 Bits                                                 ; Off                ; Off                ;
; Optimization Technique -- Cyclone II/Cyclone III                               ; Balanced           ; Balanced           ;
; Carry Chain Length -- Stratix/Stratix GX/Cyclone/MAX II/Cyclone II/Cyclone III ; 70                 ; 70                 ;
; Auto Carry Chains                                                              ; On                 ; On                 ;
; Auto Open-Drain Pins                                                           ; On                 ; On                 ;
; Perform WYSIWYG Primitive Resynthesis                                          ; Off                ; Off                ;
; Perform gate-level register retiming                                           ; Off                ; Off                ;
; Allow register retiming to trade off Tsu/Tco with Fmax                         ; On                 ; On                 ;
; Auto ROM Replacement                                                           ; On                 ; On                 ;
; Auto RAM Replacement                                                           ; On                 ; On                 ;
; Auto Shift Register Replacement                                                ; Auto               ; Auto               ;
; Auto Clock Enable Replacement                                                  ; On                 ; On                 ;
; Allow Synchronous Control Signals                                              ; On                 ; On                 ;
; Force Use of Synchronous Clear Signals                                         ; Off                ; Off                ;
; Auto RAM to Logic Cell Conversion                                              ; Off                ; Off                ;
; Auto Resource Sharing                                                          ; Off                ; Off                ;
; Allow Any RAM Size For Recognition                                             ; Off                ; Off                ;
; Allow Any ROM Size For Recognition                                             ; Off                ; Off                ;
; Allow Any Shift Register Size For Recognition                                  ; Off                ; Off                ;
; Ignore translate_off and synthesis_off directives                              ; Off                ; Off                ;
; Show Parameter Settings Tables in Synthesis Report                             ; On                 ; On                 ;
; Ignore Maximum Fan-Out Assignments                                             ; Off                ; Off                ;
; Retiming Meta-Stability Register Sequence Length                               ; 2                  ; 2                  ;
; PowerPlay Power Optimization                                                   ; Normal compilation ; Normal compilation ;
; HDL message level                                                              ; Level2             ; Level2             ;
; Suppress Register Optimization Related Messages                                ; Off                ; Off                ;
; Number of Removed Registers Reported in Synthesis Report                       ; 100                ; 100                ;
; Clock MUX Protection                                                           ; On                 ; On                 ;
; Block Design Naming                                                            ; Auto               ; Auto               ;
+--------------------------------------------------------------------------------+--------------------+--------------------+


+----------------------------------------------------------------------------------------------------------------------------------------------------------------+
; Analysis & Synthesis Source Files Read                                                                                                                         ;
+----------------------------------+-----------------+------------------------------------+----------------------------------------------------------------------+
; File Name with User-Entered Path ; Used in Netlist ; File Type                          ; File Name with Absolute Path                                         ;
+----------------------------------+-----------------+------------------------------------+----------------------------------------------------------------------+
; Qinka-5.bdf                      ; yes             ; User Block Diagram/Schematic File  ; C:/Users/Administrator/Desktop/Qinka-5/Qinka-5/Qinka-5.bdf           ;
; 74273b.bdf                       ; yes             ; Megafunction                       ; c:/altera/72/quartus/libraries/others/maxplus2/74273b.bdf            ;
; BUSMUX.tdf                       ; yes             ; Megafunction                       ; c:/altera/72/quartus/libraries/megafunctions/BUSMUX.tdf              ;
; lpm_mux.inc                      ; yes             ; Megafunction                       ; c:/altera/72/quartus/libraries/megafunctions/lpm_mux.inc             ;
; lpm_mux.tdf                      ; yes             ; Megafunction                       ; c:/altera/72/quartus/libraries/megafunctions/lpm_mux.tdf             ;
; aglobal72.inc                    ; yes             ; Megafunction                       ; c:/altera/72/quartus/libraries/megafunctions/aglobal72.inc           ;
; muxlut.inc                       ; yes             ; Megafunction                       ; c:/altera/72/quartus/libraries/megafunctions/muxlut.inc              ;
; bypassff.inc                     ; yes             ; Megafunction                       ; c:/altera/72/quartus/libraries/megafunctions/bypassff.inc            ;
; altshift.inc                     ; yes             ; Megafunction                       ; c:/altera/72/quartus/libraries/megafunctions/altshift.inc            ;
; db/mux_smc.tdf                   ; yes             ; Auto-Generated Megafunction        ; C:/Users/Administrator/Desktop/Qinka-5/Qinka-5/db/mux_smc.tdf        ;
; lpm_counter0.tdf                 ; yes             ; Other                              ; C:/Users/Administrator/Desktop/Qinka-5/Qinka-5/lpm_counter0.tdf      ;
; lpm_counter.inc                  ; yes             ; Megafunction                       ; c:/altera/72/quartus/libraries/megafunctions/lpm_counter.inc         ;
; lpm_counter.tdf                  ; yes             ; Megafunction                       ; c:/altera/72/quartus/libraries/megafunctions/lpm_counter.tdf         ;
; lpm_constant.inc                 ; yes             ; Megafunction                       ; c:/altera/72/quartus/libraries/megafunctions/lpm_constant.inc        ;
; lpm_decode.inc                   ; yes             ; Megafunction                       ; c:/altera/72/quartus/libraries/megafunctions/lpm_decode.inc          ;
; lpm_add_sub.inc                  ; yes             ; Megafunction                       ; c:/altera/72/quartus/libraries/megafunctions/lpm_add_sub.inc         ;
; cmpconst.inc                     ; yes             ; Megafunction                       ; c:/altera/72/quartus/libraries/megafunctions/cmpconst.inc            ;
; lpm_compare.inc                  ; yes             ; Megafunction                       ; c:/altera/72/quartus/libraries/megafunctions/lpm_compare.inc         ;
; dffeea.inc                       ; yes             ; Megafunction                       ; c:/altera/72/quartus/libraries/megafunctions/dffeea.inc              ;
; alt_synch_counter.inc            ; yes             ; Megafunction                       ; c:/altera/72/quartus/libraries/megafunctions/alt_synch_counter.inc   ;
; alt_synch_counter_f.inc          ; yes             ; Megafunction                       ; c:/altera/72/quartus/libraries/megafunctions/alt_synch_counter_f.inc ;
; alt_counter_f10ke.inc            ; yes             ; Megafunction                       ; c:/altera/72/quartus/libraries/megafunctions/alt_counter_f10ke.inc   ;
; alt_counter_stratix.inc          ; yes             ; Megafunction                       ; c:/altera/72/quartus/libraries/megafunctions/alt_counter_stratix.inc ;
; db/cntr_p1j.tdf                  ; yes             ; Auto-Generated Megafunction        ; C:/Users/Administrator/Desktop/Qinka-5/Qinka-5/db/cntr_p1j.tdf       ;
+----------------------------------+-----------------+------------------------------------+----------------------------------------------------------------------+


+-----------------------------------------------------------------------------------------------------------------------------------------+
; Analysis & Synthesis Resource Usage Summary                                                                                             ;
+---------------------------------------------+-------------------------------------------------------------------------------------------+
; Resource                                    ; Usage                                                                                     ;
+---------------------------------------------+-------------------------------------------------------------------------------------------+
; Estimated Total logic elements              ; 34                                                                                        ;
;                                             ;                                                                                           ;
; Total combinational functions               ; 34                                                                                        ;
; Logic element usage by number of LUT inputs ;                                                                                           ;
;     -- 4 input functions                    ; 16                                                                                        ;
;     -- 3 input functions                    ; 16                                                                                        ;
;     -- <=2 input functions                  ; 2                                                                                         ;
;                                             ;                                                                                           ;
; Logic elements by mode                      ;                                                                                           ;
;     -- normal mode                          ; 27                                                                                        ;
;     -- arithmetic mode                      ; 7                                                                                         ;
;                                             ;                                                                                           ;
; Total registers                             ; 16                                                                                        ;
;     -- Dedicated logic registers            ; 16                                                                                        ;
;     -- I/O registers                        ; 0                                                                                         ;
;                                             ;                                                                                           ;
; I/O pins                                    ; 28                                                                                        ;
; Maximum fan-out node                        ; lpm_counter0:inst|lpm_counter:lpm_counter_component|cntr_p1j:auto_generated|aclr_actual~2 ;
; Maximum fan-out                             ; 16                                                                                        ;
; Total fan-out                               ; 171                                                                                       ;
; Average fan-out                             ; 2.19                                                                                      ;
+---------------------------------------------+-------------------------------------------------------------------------------------------+


+-------------------------------------------------------------------------------------------------------------------------------------------------------------------------------------------------------------------------------------------------------------+
; Analysis & Synthesis Resource Utilization by Entity                                                                                                                                                                                                         ;
+-------------------------------------------+-------------------+--------------+-------------+--------------+---------+-----------+------+--------------+--------------------------------------------------------------------------------------+--------------+
; Compilation Hierarchy Node                ; LC Combinationals ; LC Registers ; Memory Bits ; DSP Elements ; DSP 9x9 ; DSP 18x18 ; Pins ; Virtual Pins ; Full Hierarchy Name                                                                  ; Library Name ;
+-------------------------------------------+-------------------+--------------+-------------+--------------+---------+-----------+------+--------------+--------------------------------------------------------------------------------------+--------------+
; |Qinka-5                                  ; 34 (0)            ; 16 (0)       ; 0           ; 0            ; 0       ; 0         ; 28   ; 0            ; |Qinka-5                                                                             ; work         ;
;    |74273b:inst3|                         ; 0 (0)             ; 8 (8)        ; 0           ; 0            ; 0       ; 0         ; 0    ; 0            ; |Qinka-5|74273b:inst3                                                                ; work         ;
;    |busmux:inst2|                         ; 17 (0)            ; 0 (0)        ; 0           ; 0            ; 0       ; 0         ; 0    ; 0            ; |Qinka-5|busmux:inst2                                                                ; work         ;
;       |lpm_mux:$00000|                    ; 17 (0)            ; 0 (0)        ; 0           ; 0            ; 0       ; 0         ; 0    ; 0            ; |Qinka-5|busmux:inst2|lpm_mux:$00000                                                 ; work         ;
;          |mux_smc:auto_generated|         ; 17 (17)           ; 0 (0)        ; 0           ; 0            ; 0       ; 0         ; 0    ; 0            ; |Qinka-5|busmux:inst2|lpm_mux:$00000|mux_smc:auto_generated                          ; work         ;
;    |lpm_counter0:inst|                    ; 17 (0)            ; 8 (0)        ; 0           ; 0            ; 0       ; 0         ; 0    ; 0            ; |Qinka-5|lpm_counter0:inst                                                           ; work         ;
;       |lpm_counter:lpm_counter_component| ; 17 (0)            ; 8 (0)        ; 0           ; 0            ; 0       ; 0         ; 0    ; 0            ; |Qinka-5|lpm_counter0:inst|lpm_counter:lpm_counter_component                         ; work         ;
;          |cntr_p1j:auto_generated|        ; 17 (17)           ; 8 (8)        ; 0           ; 0            ; 0       ; 0         ; 0    ; 0            ; |Qinka-5|lpm_counter0:inst|lpm_counter:lpm_counter_component|cntr_p1j:auto_generated ; work         ;
+-------------------------------------------+-------------------+--------------+-------------+--------------+---------+-----------+------+--------------+--------------------------------------------------------------------------------------+--------------+
Note: For table entries with two numbers listed, the numbers in parentheses indicate the number of resources of the given type used by the specific entity alone. The numbers listed outside of parentheses indicate the total resources of the given type used by the specific entity and all of its sub-entities in the hierarchy.


+----------------------------------------------------------------------------------------------------+
; Logic Cells Representing Combinational Loops                                                       ;
+------------------------------------------------------------------------------------------------+---+
; Logic Cell Name                                                                                ;   ;
+------------------------------------------------------------------------------------------------+---+
; lpm_counter0:inst|lpm_counter:lpm_counter_component|cntr_p1j:auto_generated|latch_signal[7]~8  ;   ;
; lpm_counter0:inst|lpm_counter:lpm_counter_component|cntr_p1j:auto_generated|latch_signal[6]~9  ;   ;
; lpm_counter0:inst|lpm_counter:lpm_counter_component|cntr_p1j:auto_generated|latch_signal[5]~10 ;   ;
; lpm_counter0:inst|lpm_counter:lpm_counter_component|cntr_p1j:auto_generated|latch_signal[4]~11 ;   ;
; lpm_counter0:inst|lpm_counter:lpm_counter_component|cntr_p1j:auto_generated|latch_signal[3]~12 ;   ;
; lpm_counter0:inst|lpm_counter:lpm_counter_component|cntr_p1j:auto_generated|latch_signal[2]~13 ;   ;
; lpm_counter0:inst|lpm_counter:lpm_counter_component|cntr_p1j:auto_generated|latch_signal[1]~14 ;   ;
; lpm_counter0:inst|lpm_counter:lpm_counter_component|cntr_p1j:auto_generated|latch_signal[0]~15 ;   ;
; Number of logic cells representing combinational loops                                         ; 8 ;
+------------------------------------------------------------------------------------------------+---+
Note: All cells listed above may not be present at the end of synthesis due to various synthesis optimizations.


+------------------------------------------------------+
; General Register Statistics                          ;
+----------------------------------------------+-------+
; Statistic                                    ; Value ;
+----------------------------------------------+-------+
; Total registers                              ; 16    ;
; Number of registers using Synchronous Clear  ; 0     ;
; Number of registers using Synchronous Load   ; 0     ;
; Number of registers using Asynchronous Clear ; 8     ;
; Number of registers using Asynchronous Load  ; 0     ;
; Number of registers using Clock Enable       ; 0     ;
; Number of registers using Preset             ; 0     ;
+----------------------------------------------+-------+


+----------------------------------------------------------------------------+
; Source assignments for lpm_counter0:inst|lpm_counter:lpm_counter_component ;
+---------------------------+-------+------+---------------------------------+
; Assignment                ; Value ; From ; To                              ;
+---------------------------+-------+------+---------------------------------+
; SUPPRESS_DA_RULE_INTERNAL ; a101  ; -    ; -                               ;
; SUPPRESS_DA_RULE_INTERNAL ; s102  ; -    ; -                               ;
; SUPPRESS_DA_RULE_INTERNAL ; s103  ; -    ; -                               ;
+---------------------------+-------+------+---------------------------------+


+----------------------------------------------------------------------------------------------------+
; Source assignments for lpm_counter0:inst|lpm_counter:lpm_counter_component|cntr_p1j:auto_generated ;
+---------------------------+-------+------+---------------------------------------------------------+
; Assignment                ; Value ; From ; To                                                      ;
+---------------------------+-------+------+---------------------------------------------------------+
; SUPPRESS_DA_RULE_INTERNAL ; a101  ; -    ; -                                                       ;
; SUPPRESS_DA_RULE_INTERNAL ; s102  ; -    ; -                                                       ;
; SUPPRESS_DA_RULE_INTERNAL ; s103  ; -    ; -                                                       ;
+---------------------------+-------+------+---------------------------------------------------------+


+-----------------------------------------------------------+
; Parameter Settings for User Entity Instance: BUSMUX:inst2 ;
+----------------+-------+----------------------------------+
; Parameter Name ; Value ; Type                             ;
+----------------+-------+----------------------------------+
; WIDTH          ; 8     ; Untyped                          ;
+----------------+-------+----------------------------------+
Note: In order to hide this table in the UI and the text report file, please set the "Show Parameter Settings Tables in Synthesis Report" option in "Analysis and Synthesis Settings -> More Settings" to "Off".


+--------------------------------------------------------------------------------------------------+
; Parameter Settings for User Entity Instance: lpm_counter0:inst|lpm_counter:lpm_counter_component ;
+------------------------+-------------+-----------------------------------------------------------+
; Parameter Name         ; Value       ; Type                                                      ;
+------------------------+-------------+-----------------------------------------------------------+
; AUTO_CARRY_CHAINS      ; ON          ; AUTO_CARRY                                                ;
; IGNORE_CARRY_BUFFERS   ; OFF         ; IGNORE_CARRY                                              ;
; AUTO_CASCADE_CHAINS    ; ON          ; AUTO_CASCADE                                              ;
; IGNORE_CASCADE_BUFFERS ; OFF         ; IGNORE_CASCADE                                            ;
; LPM_WIDTH              ; 8           ; Untyped                                                   ;
; LPM_DIRECTION          ; UP          ; Untyped                                                   ;
; LPM_MODULUS            ; 0           ; Untyped                                                   ;
; LPM_AVALUE             ; UNUSED      ; Untyped                                                   ;
; LPM_SVALUE             ; UNUSED      ; Untyped                                                   ;
; LPM_PORT_UPDOWN        ; PORT_UNUSED ; Untyped                                                   ;
; DEVICE_FAMILY          ; Cyclone II  ; Untyped                                                   ;
; CARRY_CHAIN            ; MANUAL      ; Untyped                                                   ;
; CARRY_CHAIN_LENGTH     ; 48          ; CARRY_CHAIN_LENGTH                                        ;
; NOT_GATE_PUSH_BACK     ; ON          ; NOT_GATE_PUSH_BACK                                        ;
; CARRY_CNT_EN           ; SMART       ; Untyped                                                   ;
; LABWIDE_SCLR           ; ON          ; Untyped                                                   ;
; USE_NEW_VERSION        ; TRUE        ; Untyped                                                   ;
; CBXI_PARAMETER         ; cntr_p1j    ; Untyped                                                   ;
+------------------------+-------------+-----------------------------------------------------------+
Note: In order to hide this table in the UI and the text report file, please set the "Show Parameter Settings Tables in Synthesis Report" option in "Analysis and Synthesis Settings -> More Settings" to "Off".


+-------------------------------+
; Analysis & Synthesis Messages ;
+-------------------------------+
Info: *******************************************************************
Info: Running Quartus II Analysis & Synthesis
    Info: Version 7.2 Build 151 09/26/2007 SJ Full Version
    Info: Processing started: Fri Nov 19 09:26:51 2010
Info: Command: quartus_map --read_settings_files=on --write_settings_files=off Qinka-5 -c Qinka-5
Info: Found 1 design units, including 1 entities, in source file Qinka-5.bdf
    Info: Found entity 1: Qinka-5
Info: Elaborating entity "Qinka-5" for the top level hierarchy
Info: Found 1 design units, including 1 entities, in source file ../../../../../altera/72/quartus/libraries/others/maxplus2/74273b.bdf
    Info: Found entity 1: 74273b
Info: Elaborating entity "74273b" for hierarchy "74273b:inst3"
Warning: Processing legacy GDF or BDF entity "74273b" with Max+Plus II bus and instance naming rules
Warning: The design contains mutiple Block Design Files, and some design file(s) are using a naming scheme which is different from other design file(s).
Info: Elaborated megafunction instantiation "74273b:inst3"
Info: Found 1 design units, including 1 entities, in source file ../../../../../altera/72/quartus/libraries/megafunctions/BUSMUX.tdf
    Info: Found entity 1: busmux
Info: Elaborating entity "BUSMUX" for hierarchy "BUSMUX:inst2"
Info: Elaborated megafunction instantiation "BUSMUX:inst2"
Info: Found 1 design units, including 1 entities, in source file ../../../../../altera/72/quartus/libraries/megafunctions/lpm_mux.tdf
    Info: Found entity 1: lpm_mux
Info: Elaborating entity "lpm_mux" for hierarchy "BUSMUX:inst2|lpm_mux:$00000"
Info: Elaborated megafunction instantiation "BUSMUX:inst2|lpm_mux:$00000", which is child of megafunction instantiation "BUSMUX:inst2"
Info: Instantiated megafunction "BUSMUX:inst2" with the following parameter:
    Info: Parameter "WIDTH" = "8"
Info: Found 1 design units, including 1 entities, in source file db/mux_smc.tdf
    Info: Found entity 1: mux_smc
Info: Elaborating entity "mux_smc" for hierarchy "BUSMUX:inst2|lpm_mux:$00000|mux_smc:auto_generated"
Warning: Using design file lpm_counter0.tdf, which is not specified as a design file for the current project, but contains definitions for 1 design units and 1 entities in project
    Info: Found entity 1: lpm_counter0
Info: Elaborating entity "lpm_counter0" for hierarchy "lpm_counter0:inst"
Info: Found 1 design units, including 1 entities, in source file ../../../../../altera/72/quartus/libraries/megafunctions/lpm_counter.tdf
    Info: Found entity 1: lpm_counter
Info: Elaborating entity "lpm_counter" for hierarchy "lpm_counter0:inst|lpm_counter:lpm_counter_component"
Info: Elaborated megafunction instantiation "lpm_counter0:inst|lpm_counter:lpm_counter_component"
Warning: Assertion warning: Counter will power up to an undefined state.  An asynchronous signal should be asserted before the counter reaches a known state.
Info: Found 1 design units, including 1 entities, in source file db/cntr_p1j.tdf
    Info: Found entity 1: cntr_p1j
Info: Elaborating entity "cntr_p1j" for hierarchy "lpm_counter0:inst|lpm_counter:lpm_counter_component|cntr_p1j:auto_generated"
Info: Ignored 8 buffer(s)
    Info: Ignored 8 CARRY buffer(s)
Info: Implemented 62 device resources after synthesis - the final resource count might be different
    Info: Implemented 12 input pins
    Info: Implemented 16 output pins
    Info: Implemented 34 logic cells
Info: Quartus II Analysis & Synthesis was successful. 0 errors, 4 warnings
    Info: Allocated 185 megabytes of memory during processing
    Info: Processing ended: Fri Nov 19 09:26:52 2010
    Info: Elapsed time: 00:00:01


